[0.132s] DEBUG:colcon:Command line arguments: ['/usr/bin/colcon', 'build']
[0.132s] DEBUG:colcon:Parsed command line arguments: Namespace(log_base=None, log_level=None, verb_name='build', build_base='build', install_base='install', merge_install=False, symlink_install=False, test_result_base=None, continue_on_error=False, executor='parallel', parallel_workers=8, event_handlers=None, ignore_user_meta=False, metas=['./colcon.meta'], base_paths=['.'], packages_ignore=None, packages_ignore_regex=None, paths=None, packages_up_to=None, packages_up_to_regex=None, packages_above=None, packages_above_and_dependencies=None, packages_above_depth=None, packages_select_by_dep=None, packages_skip_by_dep=None, packages_skip_up_to=None, packages_select_build_failed=False, packages_skip_build_finished=False, packages_select_test_failures=False, packages_skip_test_passed=False, packages_select=None, packages_skip=None, packages_select_regex=None, packages_skip_regex=None, packages_start=None, packages_end=None, allow_overriding=[], cmake_args=None, cmake_target=None, cmake_target_skip_unavailable=False, cmake_clean_cache=False, cmake_clean_first=False, cmake_force_configure=False, ament_cmake_args=None, catkin_cmake_args=None, catkin_skip_building_tests=False, mixin_files=None, mixin=None, verb_parser=<colcon_mixin.mixin.mixin_argument.MixinArgumentDecorator object at 0x74435e59c9a0>, verb_extension=<colcon_core.verb.build.BuildVerb object at 0x74435e6b5fc0>, main=<bound method BuildVerb.main of <colcon_core.verb.build.BuildVerb object at 0x74435e6b5fc0>>, mixin_verb=('build',))
[0.179s] Level 1:colcon.colcon_core.package_discovery:discover_packages(colcon_meta) check parameters
[0.179s] Level 1:colcon.colcon_core.package_discovery:discover_packages(recursive) check parameters
[0.179s] Level 1:colcon.colcon_core.package_discovery:discover_packages(ignore) check parameters
[0.179s] Level 1:colcon.colcon_core.package_discovery:discover_packages(path) check parameters
[0.179s] Level 1:colcon.colcon_core.package_discovery:discover_packages(colcon_meta) discover
[0.179s] Level 1:colcon.colcon_core.package_discovery:discover_packages(recursive) discover
[0.179s] INFO:colcon.colcon_core.package_discovery:Crawling recursively for packages in '/home/kenan/Code/VFS/vfs-software-training-1'
[0.179s] Level 1:colcon.colcon_core.package_identification:_identify(.) by extensions ['ignore', 'ignore_ament_install']
[0.179s] Level 1:colcon.colcon_core.package_identification:_identify(.) by extension 'ignore'
[0.179s] Level 1:colcon.colcon_core.package_identification:_identify(.) by extension 'ignore_ament_install'
[0.180s] Level 1:colcon.colcon_core.package_identification:_identify(.) by extensions ['colcon_pkg']
[0.180s] Level 1:colcon.colcon_core.package_identification:_identify(.) by extension 'colcon_pkg'
[0.180s] Level 1:colcon.colcon_core.package_identification:_identify(.) by extensions ['colcon_meta']
[0.180s] Level 1:colcon.colcon_core.package_identification:_identify(.) by extension 'colcon_meta'
[0.180s] Level 1:colcon.colcon_core.package_identification:_identify(.) by extensions ['ros']
[0.180s] Level 1:colcon.colcon_core.package_identification:_identify(.) by extension 'ros'
[0.197s] Level 1:colcon.colcon_core.package_identification:_identify(.) by extensions ['cmake', 'python']
[0.197s] Level 1:colcon.colcon_core.package_identification:_identify(.) by extension 'cmake'
[0.197s] Level 1:colcon.colcon_core.package_identification:_identify(.) by extension 'python'
[0.197s] Level 1:colcon.colcon_core.package_identification:_identify(.) by extensions ['python_setup_py']
[0.197s] Level 1:colcon.colcon_core.package_identification:_identify(.) by extension 'python_setup_py'
[0.197s] Level 1:colcon.colcon_core.package_identification:_identify(build) by extensions ['ignore', 'ignore_ament_install']
[0.197s] Level 1:colcon.colcon_core.package_identification:_identify(build) by extension 'ignore'
[0.198s] Level 1:colcon.colcon_core.package_identification:_identify(build) ignored
[0.198s] Level 1:colcon.colcon_core.package_identification:_identify(install) by extensions ['ignore', 'ignore_ament_install']
[0.198s] Level 1:colcon.colcon_core.package_identification:_identify(install) by extension 'ignore'
[0.198s] Level 1:colcon.colcon_core.package_identification:_identify(install) ignored
[0.198s] Level 1:colcon.colcon_core.package_identification:_identify(log) by extensions ['ignore', 'ignore_ament_install']
[0.198s] Level 1:colcon.colcon_core.package_identification:_identify(log) by extension 'ignore'
[0.198s] Level 1:colcon.colcon_core.package_identification:_identify(log) ignored
[0.198s] Level 1:colcon.colcon_core.package_identification:_identify(src) by extensions ['ignore', 'ignore_ament_install']
[0.199s] Level 1:colcon.colcon_core.package_identification:_identify(src) by extension 'ignore'
[0.199s] Level 1:colcon.colcon_core.package_identification:_identify(src) by extension 'ignore_ament_install'
[0.199s] Level 1:colcon.colcon_core.package_identification:_identify(src) by extensions ['colcon_pkg']
[0.199s] Level 1:colcon.colcon_core.package_identification:_identify(src) by extension 'colcon_pkg'
[0.199s] Level 1:colcon.colcon_core.package_identification:_identify(src) by extensions ['colcon_meta']
[0.199s] Level 1:colcon.colcon_core.package_identification:_identify(src) by extension 'colcon_meta'
[0.199s] Level 1:colcon.colcon_core.package_identification:_identify(src) by extensions ['ros']
[0.199s] Level 1:colcon.colcon_core.package_identification:_identify(src) by extension 'ros'
[0.199s] Level 1:colcon.colcon_core.package_identification:_identify(src) by extensions ['cmake', 'python']
[0.199s] Level 1:colcon.colcon_core.package_identification:_identify(src) by extension 'cmake'
[0.199s] Level 1:colcon.colcon_core.package_identification:_identify(src) by extension 'python'
[0.199s] Level 1:colcon.colcon_core.package_identification:_identify(src) by extensions ['python_setup_py']
[0.199s] Level 1:colcon.colcon_core.package_identification:_identify(src) by extension 'python_setup_py'
[0.199s] Level 1:colcon.colcon_core.package_identification:_identify(src/navigation) by extensions ['ignore', 'ignore_ament_install']
[0.199s] Level 1:colcon.colcon_core.package_identification:_identify(src/navigation) by extension 'ignore'
[0.199s] Level 1:colcon.colcon_core.package_identification:_identify(src/navigation) by extension 'ignore_ament_install'
[0.199s] Level 1:colcon.colcon_core.package_identification:_identify(src/navigation) by extensions ['colcon_pkg']
[0.199s] Level 1:colcon.colcon_core.package_identification:_identify(src/navigation) by extension 'colcon_pkg'
[0.200s] Level 1:colcon.colcon_core.package_identification:_identify(src/navigation) by extensions ['colcon_meta']
[0.200s] Level 1:colcon.colcon_core.package_identification:_identify(src/navigation) by extension 'colcon_meta'
[0.200s] Level 1:colcon.colcon_core.package_identification:_identify(src/navigation) by extensions ['ros']
[0.200s] Level 1:colcon.colcon_core.package_identification:_identify(src/navigation) by extension 'ros'
[0.202s] DEBUG:colcon.colcon_core.package_identification:Package 'src/navigation' with type 'ros.ament_cmake' and name 'navigation'
[0.202s] Level 1:colcon.colcon_core.package_identification:_identify(src/navigation_py) by extensions ['ignore', 'ignore_ament_install']
[0.202s] Level 1:colcon.colcon_core.package_identification:_identify(src/navigation_py) by extension 'ignore'
[0.203s] Level 1:colcon.colcon_core.package_identification:_identify(src/navigation_py) by extension 'ignore_ament_install'
[0.203s] Level 1:colcon.colcon_core.package_identification:_identify(src/navigation_py) by extensions ['colcon_pkg']
[0.203s] Level 1:colcon.colcon_core.package_identification:_identify(src/navigation_py) by extension 'colcon_pkg'
[0.203s] Level 1:colcon.colcon_core.package_identification:_identify(src/navigation_py) by extensions ['colcon_meta']
[0.203s] Level 1:colcon.colcon_core.package_identification:_identify(src/navigation_py) by extension 'colcon_meta'
[0.203s] Level 1:colcon.colcon_core.package_identification:_identify(src/navigation_py) by extensions ['ros']
[0.203s] Level 1:colcon.colcon_core.package_identification:_identify(src/navigation_py) by extension 'ros'
[0.204s] DEBUG:colcon.colcon_core.package_identification:Package 'src/navigation_py' with type 'ros.ament_python' and name 'navigation_py'
[0.204s] Level 1:colcon.colcon_core.package_discovery:discover_packages(recursive) using defaults
[0.204s] Level 1:colcon.colcon_core.package_discovery:discover_packages(ignore) discover
[0.204s] Level 1:colcon.colcon_core.package_discovery:discover_packages(ignore) using defaults
[0.204s] Level 1:colcon.colcon_core.package_discovery:discover_packages(path) discover
[0.204s] Level 1:colcon.colcon_core.package_discovery:discover_packages(path) using defaults
[0.228s] Level 1:colcon.colcon_core.package_discovery:discover_packages(prefix_path) check parameters
[0.228s] Level 1:colcon.colcon_core.package_discovery:discover_packages(prefix_path) discover
[0.231s] DEBUG:colcon.colcon_installed_package_information.package_discovery:Found 335 installed packages in /opt/ros/humble
[0.233s] Level 1:colcon.colcon_core.package_discovery:discover_packages(prefix_path) using defaults
[0.281s] Level 5:colcon.colcon_core.verb:set package 'navigation' build argument 'cmake_args' from command line to 'None'
[0.281s] Level 5:colcon.colcon_core.verb:set package 'navigation' build argument 'cmake_target' from command line to 'None'
[0.281s] Level 5:colcon.colcon_core.verb:set package 'navigation' build argument 'cmake_target_skip_unavailable' from command line to 'False'
[0.281s] Level 5:colcon.colcon_core.verb:set package 'navigation' build argument 'cmake_clean_cache' from command line to 'False'
[0.281s] Level 5:colcon.colcon_core.verb:set package 'navigation' build argument 'cmake_clean_first' from command line to 'False'
[0.281s] Level 5:colcon.colcon_core.verb:set package 'navigation' build argument 'cmake_force_configure' from command line to 'False'
[0.281s] Level 5:colcon.colcon_core.verb:set package 'navigation' build argument 'ament_cmake_args' from command line to 'None'
[0.281s] Level 5:colcon.colcon_core.verb:set package 'navigation' build argument 'catkin_cmake_args' from command line to 'None'
[0.281s] Level 5:colcon.colcon_core.verb:set package 'navigation' build argument 'catkin_skip_building_tests' from command line to 'False'
[0.281s] DEBUG:colcon.colcon_core.verb:Building package 'navigation' with the following arguments: {'ament_cmake_args': None, 'build_base': '/home/kenan/Code/VFS/vfs-software-training-1/build/navigation', 'catkin_cmake_args': None, 'catkin_skip_building_tests': False, 'cmake_args': None, 'cmake_clean_cache': False, 'cmake_clean_first': False, 'cmake_force_configure': False, 'cmake_target': None, 'cmake_target_skip_unavailable': False, 'install_base': '/home/kenan/Code/VFS/vfs-software-training-1/install/navigation', 'merge_install': False, 'path': '/home/kenan/Code/VFS/vfs-software-training-1/src/navigation', 'symlink_install': False, 'test_result_base': None}
[0.282s] Level 5:colcon.colcon_core.verb:set package 'navigation_py' build argument 'cmake_args' from command line to 'None'
[0.282s] Level 5:colcon.colcon_core.verb:set package 'navigation_py' build argument 'cmake_target' from command line to 'None'
[0.282s] Level 5:colcon.colcon_core.verb:set package 'navigation_py' build argument 'cmake_target_skip_unavailable' from command line to 'False'
[0.282s] Level 5:colcon.colcon_core.verb:set package 'navigation_py' build argument 'cmake_clean_cache' from command line to 'False'
[0.282s] Level 5:colcon.colcon_core.verb:set package 'navigation_py' build argument 'cmake_clean_first' from command line to 'False'
[0.282s] Level 5:colcon.colcon_core.verb:set package 'navigation_py' build argument 'cmake_force_configure' from command line to 'False'
[0.282s] Level 5:colcon.colcon_core.verb:set package 'navigation_py' build argument 'ament_cmake_args' from command line to 'None'
[0.282s] Level 5:colcon.colcon_core.verb:set package 'navigation_py' build argument 'catkin_cmake_args' from command line to 'None'
[0.282s] Level 5:colcon.colcon_core.verb:set package 'navigation_py' build argument 'catkin_skip_building_tests' from command line to 'False'
[0.282s] DEBUG:colcon.colcon_core.verb:Building package 'navigation_py' with the following arguments: {'ament_cmake_args': None, 'build_base': '/home/kenan/Code/VFS/vfs-software-training-1/build/navigation_py', 'catkin_cmake_args': None, 'catkin_skip_building_tests': False, 'cmake_args': None, 'cmake_clean_cache': False, 'cmake_clean_first': False, 'cmake_force_configure': False, 'cmake_target': None, 'cmake_target_skip_unavailable': False, 'install_base': '/home/kenan/Code/VFS/vfs-software-training-1/install/navigation_py', 'merge_install': False, 'path': '/home/kenan/Code/VFS/vfs-software-training-1/src/navigation_py', 'symlink_install': False, 'test_result_base': None}
[0.282s] INFO:colcon.colcon_core.executor:Executing jobs using 'parallel' executor
[0.283s] DEBUG:colcon.colcon_parallel_executor.executor.parallel:run_until_complete
[0.284s] INFO:colcon.colcon_ros.task.ament_cmake.build:Building ROS package in '/home/kenan/Code/VFS/vfs-software-training-1/src/navigation' with build type 'ament_cmake'
[0.284s] INFO:colcon.colcon_cmake.task.cmake.build:Building CMake package in '/home/kenan/Code/VFS/vfs-software-training-1/src/navigation'
[0.286s] INFO:colcon.colcon_core.plugin_system:Skipping extension 'colcon_core.shell.bat': Not used on non-Windows systems
[0.286s] INFO:colcon.colcon_core.shell:Skip shell extension 'powershell' for command environment: Not usable outside of PowerShell
[0.287s] DEBUG:colcon.colcon_core.shell:Skip shell extension 'dsv' for command environment
[0.290s] INFO:colcon.colcon_ros.task.ament_python.build:Building ROS package in '/home/kenan/Code/VFS/vfs-software-training-1/src/navigation_py' with build type 'ament_python'
[0.291s] Level 1:colcon.colcon_core.shell:create_environment_hook('navigation_py', 'ament_prefix_path')
[0.291s] INFO:colcon.colcon_core.shell:Creating environment hook '/home/kenan/Code/VFS/vfs-software-training-1/install/navigation_py/share/navigation_py/hook/ament_prefix_path.ps1'
[0.293s] INFO:colcon.colcon_core.shell:Creating environment descriptor '/home/kenan/Code/VFS/vfs-software-training-1/install/navigation_py/share/navigation_py/hook/ament_prefix_path.dsv'
[0.294s] INFO:colcon.colcon_core.shell:Creating environment hook '/home/kenan/Code/VFS/vfs-software-training-1/install/navigation_py/share/navigation_py/hook/ament_prefix_path.sh'
[0.295s] INFO:colcon.colcon_core.shell:Skip shell extension 'powershell' for command environment: Not usable outside of PowerShell
[0.295s] DEBUG:colcon.colcon_core.shell:Skip shell extension 'dsv' for command environment
[0.307s] DEBUG:colcon.colcon_core.event_handler.log_command:Invoking command in '/home/kenan/Code/VFS/vfs-software-training-1/build/navigation': CMAKE_PREFIX_PATH=/opt/ros/humble /usr/bin/cmake /home/kenan/Code/VFS/vfs-software-training-1/src/navigation -DCMAKE_INSTALL_PREFIX=/home/kenan/Code/VFS/vfs-software-training-1/install/navigation
[0.606s] INFO:colcon.colcon_core.task.python.build:Building Python package in '/home/kenan/Code/VFS/vfs-software-training-1/src/navigation_py'
[0.606s] INFO:colcon.colcon_core.shell:Skip shell extension 'powershell' for command environment: Not usable outside of PowerShell
[0.606s] DEBUG:colcon.colcon_core.shell:Skip shell extension 'dsv' for command environment
[1.231s] DEBUG:colcon.colcon_core.event_handler.log_command:Invoking command in '/home/kenan/Code/VFS/vfs-software-training-1/src/navigation_py': PYTHONPATH=/home/kenan/Code/VFS/vfs-software-training-1/build/navigation_py/prefix_override:/usr/lib/python3/dist-packages/colcon_core/task/python/colcon_distutils_commands:/home/kenan/Code/VFS/vfs-software-training-1/install/navigation_py/lib/python3.10/site-packages:${PYTHONPATH} /usr/bin/python3 -W ignore:setup.py install is deprecated -W ignore:easy_install command is deprecated setup.py egg_info --egg-base ../../build/navigation_py build --build-base /home/kenan/Code/VFS/vfs-software-training-1/build/navigation_py/build install --record /home/kenan/Code/VFS/vfs-software-training-1/build/navigation_py/install.log --single-version-externally-managed install_data
[1.506s] DEBUG:colcon.colcon_core.event_handler.log_command:Invoked command in '/home/kenan/Code/VFS/vfs-software-training-1/build/navigation' returned '0': CMAKE_PREFIX_PATH=/opt/ros/humble /usr/bin/cmake /home/kenan/Code/VFS/vfs-software-training-1/src/navigation -DCMAKE_INSTALL_PREFIX=/home/kenan/Code/VFS/vfs-software-training-1/install/navigation
[1.509s] DEBUG:colcon.colcon_core.event_handler.log_command:Invoking command in '/home/kenan/Code/VFS/vfs-software-training-1/build/navigation': CMAKE_PREFIX_PATH=/opt/ros/humble /usr/bin/cmake --build /home/kenan/Code/VFS/vfs-software-training-1/build/navigation -- -j8 -l8
[1.560s] DEBUG:colcon.colcon_core.event_handler.log_command:Invoked command in '/home/kenan/Code/VFS/vfs-software-training-1/build/navigation' returned '0': CMAKE_PREFIX_PATH=/opt/ros/humble /usr/bin/cmake --build /home/kenan/Code/VFS/vfs-software-training-1/build/navigation -- -j8 -l8
[1.573s] DEBUG:colcon.colcon_core.event_handler.log_command:Invoking command in '/home/kenan/Code/VFS/vfs-software-training-1/build/navigation': CMAKE_PREFIX_PATH=/opt/ros/humble /usr/bin/cmake --install /home/kenan/Code/VFS/vfs-software-training-1/build/navigation
[1.587s] Level 1:colcon.colcon_core.environment:create_environment_scripts_only(navigation)
[1.588s] DEBUG:colcon.colcon_core.event_handler.log_command:Invoked command in '/home/kenan/Code/VFS/vfs-software-training-1/build/navigation' returned '0': CMAKE_PREFIX_PATH=/opt/ros/humble /usr/bin/cmake --install /home/kenan/Code/VFS/vfs-software-training-1/build/navigation
[1.590s] Level 1:colcon.colcon_core.environment:checking '/home/kenan/Code/VFS/vfs-software-training-1/install/navigation' for CMake module files
[1.591s] Level 1:colcon.colcon_core.environment:checking '/home/kenan/Code/VFS/vfs-software-training-1/install/navigation' for CMake config files
[1.591s] Level 1:colcon.colcon_core.shell:create_environment_hook('navigation', 'cmake_prefix_path')
[1.592s] INFO:colcon.colcon_core.shell:Creating environment hook '/home/kenan/Code/VFS/vfs-software-training-1/install/navigation/share/navigation/hook/cmake_prefix_path.ps1'
[1.592s] INFO:colcon.colcon_core.shell:Creating environment descriptor '/home/kenan/Code/VFS/vfs-software-training-1/install/navigation/share/navigation/hook/cmake_prefix_path.dsv'
[1.593s] INFO:colcon.colcon_core.shell:Creating environment hook '/home/kenan/Code/VFS/vfs-software-training-1/install/navigation/share/navigation/hook/cmake_prefix_path.sh'
[1.593s] Level 1:colcon.colcon_core.environment:checking '/home/kenan/Code/VFS/vfs-software-training-1/install/navigation/bin'
[1.594s] Level 1:colcon.colcon_core.environment:checking '/home/kenan/Code/VFS/vfs-software-training-1/install/navigation/lib/pkgconfig/navigation.pc'
[1.594s] Level 1:colcon.colcon_core.environment:checking '/home/kenan/Code/VFS/vfs-software-training-1/install/navigation/lib/python3.10/site-packages'
[1.595s] Level 1:colcon.colcon_core.environment:checking '/home/kenan/Code/VFS/vfs-software-training-1/install/navigation/bin'
[1.595s] INFO:colcon.colcon_core.shell:Creating package script '/home/kenan/Code/VFS/vfs-software-training-1/install/navigation/share/navigation/package.ps1'
[1.597s] INFO:colcon.colcon_core.shell:Creating package descriptor '/home/kenan/Code/VFS/vfs-software-training-1/install/navigation/share/navigation/package.dsv'
[1.598s] INFO:colcon.colcon_core.shell:Creating package script '/home/kenan/Code/VFS/vfs-software-training-1/install/navigation/share/navigation/package.sh'
[1.599s] INFO:colcon.colcon_core.shell:Creating package script '/home/kenan/Code/VFS/vfs-software-training-1/install/navigation/share/navigation/package.bash'
[1.601s] INFO:colcon.colcon_core.shell:Creating package script '/home/kenan/Code/VFS/vfs-software-training-1/install/navigation/share/navigation/package.zsh'
[1.602s] Level 1:colcon.colcon_core.environment:create_file_with_runtime_dependencies(/home/kenan/Code/VFS/vfs-software-training-1/install/navigation/share/colcon-core/packages/navigation)
[1.602s] Level 1:colcon.colcon_core.environment:create_environment_scripts_only(navigation)
[1.603s] Level 1:colcon.colcon_core.environment:checking '/home/kenan/Code/VFS/vfs-software-training-1/install/navigation' for CMake module files
[1.603s] Level 1:colcon.colcon_core.environment:checking '/home/kenan/Code/VFS/vfs-software-training-1/install/navigation' for CMake config files
[1.603s] Level 1:colcon.colcon_core.shell:create_environment_hook('navigation', 'cmake_prefix_path')
[1.604s] INFO:colcon.colcon_core.shell:Creating environment hook '/home/kenan/Code/VFS/vfs-software-training-1/install/navigation/share/navigation/hook/cmake_prefix_path.ps1'
[1.604s] INFO:colcon.colcon_core.shell:Creating environment descriptor '/home/kenan/Code/VFS/vfs-software-training-1/install/navigation/share/navigation/hook/cmake_prefix_path.dsv'
[1.604s] INFO:colcon.colcon_core.shell:Creating environment hook '/home/kenan/Code/VFS/vfs-software-training-1/install/navigation/share/navigation/hook/cmake_prefix_path.sh'
[1.605s] Level 1:colcon.colcon_core.environment:checking '/home/kenan/Code/VFS/vfs-software-training-1/install/navigation/bin'
[1.605s] Level 1:colcon.colcon_core.environment:checking '/home/kenan/Code/VFS/vfs-software-training-1/install/navigation/lib/pkgconfig/navigation.pc'
[1.605s] Level 1:colcon.colcon_core.environment:checking '/home/kenan/Code/VFS/vfs-software-training-1/install/navigation/lib/python3.10/site-packages'
[1.606s] Level 1:colcon.colcon_core.environment:checking '/home/kenan/Code/VFS/vfs-software-training-1/install/navigation/bin'
[1.606s] INFO:colcon.colcon_core.shell:Creating package script '/home/kenan/Code/VFS/vfs-software-training-1/install/navigation/share/navigation/package.ps1'
[1.607s] INFO:colcon.colcon_core.shell:Creating package descriptor '/home/kenan/Code/VFS/vfs-software-training-1/install/navigation/share/navigation/package.dsv'
[1.607s] INFO:colcon.colcon_core.shell:Creating package script '/home/kenan/Code/VFS/vfs-software-training-1/install/navigation/share/navigation/package.sh'
[1.608s] INFO:colcon.colcon_core.shell:Creating package script '/home/kenan/Code/VFS/vfs-software-training-1/install/navigation/share/navigation/package.bash'
[1.608s] INFO:colcon.colcon_core.shell:Creating package script '/home/kenan/Code/VFS/vfs-software-training-1/install/navigation/share/navigation/package.zsh'
[1.609s] Level 1:colcon.colcon_core.environment:create_file_with_runtime_dependencies(/home/kenan/Code/VFS/vfs-software-training-1/install/navigation/share/colcon-core/packages/navigation)
[1.930s] Level 1:colcon.colcon_core.environment:checking '/home/kenan/Code/VFS/vfs-software-training-1/install/navigation_py' for CMake module files
[1.932s] DEBUG:colcon.colcon_core.event_handler.log_command:Invoked command in '/home/kenan/Code/VFS/vfs-software-training-1/src/navigation_py' returned '0': PYTHONPATH=/home/kenan/Code/VFS/vfs-software-training-1/build/navigation_py/prefix_override:/usr/lib/python3/dist-packages/colcon_core/task/python/colcon_distutils_commands:/home/kenan/Code/VFS/vfs-software-training-1/install/navigation_py/lib/python3.10/site-packages:${PYTHONPATH} /usr/bin/python3 -W ignore:setup.py install is deprecated -W ignore:easy_install command is deprecated setup.py egg_info --egg-base ../../build/navigation_py build --build-base /home/kenan/Code/VFS/vfs-software-training-1/build/navigation_py/build install --record /home/kenan/Code/VFS/vfs-software-training-1/build/navigation_py/install.log --single-version-externally-managed install_data
[1.932s] Level 1:colcon.colcon_core.environment:checking '/home/kenan/Code/VFS/vfs-software-training-1/install/navigation_py' for CMake config files
[1.933s] Level 1:colcon.colcon_core.environment:checking '/home/kenan/Code/VFS/vfs-software-training-1/install/navigation_py/lib'
[1.933s] Level 1:colcon.colcon_core.environment:checking '/home/kenan/Code/VFS/vfs-software-training-1/install/navigation_py/bin'
[1.933s] Level 1:colcon.colcon_core.environment:checking '/home/kenan/Code/VFS/vfs-software-training-1/install/navigation_py/lib/pkgconfig/navigation_py.pc'
[1.934s] Level 1:colcon.colcon_core.environment:checking '/home/kenan/Code/VFS/vfs-software-training-1/install/navigation_py/lib/python3.10/site-packages'
[1.934s] Level 1:colcon.colcon_core.shell:create_environment_hook('navigation_py', 'pythonpath')
[1.934s] INFO:colcon.colcon_core.shell:Creating environment hook '/home/kenan/Code/VFS/vfs-software-training-1/install/navigation_py/share/navigation_py/hook/pythonpath.ps1'
[1.935s] INFO:colcon.colcon_core.shell:Creating environment descriptor '/home/kenan/Code/VFS/vfs-software-training-1/install/navigation_py/share/navigation_py/hook/pythonpath.dsv'
[1.935s] INFO:colcon.colcon_core.shell:Creating environment hook '/home/kenan/Code/VFS/vfs-software-training-1/install/navigation_py/share/navigation_py/hook/pythonpath.sh'
[1.936s] Level 1:colcon.colcon_core.environment:checking '/home/kenan/Code/VFS/vfs-software-training-1/install/navigation_py/bin'
[1.937s] Level 1:colcon.colcon_core.environment:create_environment_scripts_only(navigation_py)
[1.937s] INFO:colcon.colcon_core.shell:Creating package script '/home/kenan/Code/VFS/vfs-software-training-1/install/navigation_py/share/navigation_py/package.ps1'
[1.938s] INFO:colcon.colcon_core.shell:Creating package descriptor '/home/kenan/Code/VFS/vfs-software-training-1/install/navigation_py/share/navigation_py/package.dsv'
[1.938s] INFO:colcon.colcon_core.shell:Creating package script '/home/kenan/Code/VFS/vfs-software-training-1/install/navigation_py/share/navigation_py/package.sh'
[1.939s] INFO:colcon.colcon_core.shell:Creating package script '/home/kenan/Code/VFS/vfs-software-training-1/install/navigation_py/share/navigation_py/package.bash'
[1.939s] INFO:colcon.colcon_core.shell:Creating package script '/home/kenan/Code/VFS/vfs-software-training-1/install/navigation_py/share/navigation_py/package.zsh'
[1.940s] Level 1:colcon.colcon_core.environment:create_file_with_runtime_dependencies(/home/kenan/Code/VFS/vfs-software-training-1/install/navigation_py/share/colcon-core/packages/navigation_py)
[1.940s] DEBUG:colcon.colcon_parallel_executor.executor.parallel:closing loop
[1.940s] DEBUG:colcon.colcon_parallel_executor.executor.parallel:loop closed
[1.940s] DEBUG:colcon.colcon_parallel_executor.executor.parallel:run_until_complete finished with '0'
[1.941s] DEBUG:colcon.colcon_core.event_reactor:joining thread
[1.949s] INFO:colcon.colcon_core.plugin_system:Skipping extension 'colcon_notification.desktop_notification.terminal_notifier': Not used on non-Darwin systems
[1.950s] INFO:colcon.colcon_core.plugin_system:Skipping extension 'colcon_notification.desktop_notification.win32': Not used on non-Windows systems
[1.950s] INFO:colcon.colcon_notification.desktop_notification:Sending desktop notification using 'notify2'
[1.968s] DEBUG:colcon.colcon_core.event_reactor:joined thread
[1.968s] INFO:colcon.colcon_core.shell:Creating prefix script '/home/kenan/Code/VFS/vfs-software-training-1/install/local_setup.ps1'
[1.971s] INFO:colcon.colcon_core.shell:Creating prefix util module '/home/kenan/Code/VFS/vfs-software-training-1/install/_local_setup_util_ps1.py'
[1.974s] INFO:colcon.colcon_core.shell:Creating prefix chain script '/home/kenan/Code/VFS/vfs-software-training-1/install/setup.ps1'
[1.976s] INFO:colcon.colcon_core.shell:Creating prefix script '/home/kenan/Code/VFS/vfs-software-training-1/install/local_setup.sh'
[1.977s] INFO:colcon.colcon_core.shell:Creating prefix util module '/home/kenan/Code/VFS/vfs-software-training-1/install/_local_setup_util_sh.py'
[1.978s] INFO:colcon.colcon_core.shell:Creating prefix chain script '/home/kenan/Code/VFS/vfs-software-training-1/install/setup.sh'
[1.980s] INFO:colcon.colcon_core.shell:Creating prefix script '/home/kenan/Code/VFS/vfs-software-training-1/install/local_setup.bash'
[1.981s] INFO:colcon.colcon_core.shell:Creating prefix chain script '/home/kenan/Code/VFS/vfs-software-training-1/install/setup.bash'
[1.983s] INFO:colcon.colcon_core.shell:Creating prefix script '/home/kenan/Code/VFS/vfs-software-training-1/install/local_setup.zsh'
[1.983s] INFO:colcon.colcon_core.shell:Creating prefix chain script '/home/kenan/Code/VFS/vfs-software-training-1/install/setup.zsh'
