running egg_info
writing ../../build/navigation_py/navigation_py.egg-info/PKG-INFO
writing dependency_links to ../../build/navigation_py/navigation_py.egg-info/dependency_links.txt
writing requirements to ../../build/navigation_py/navigation_py.egg-info/requires.txt
writing top-level names to ../../build/navigation_py/navigation_py.egg-info/top_level.txt
reading manifest file '../../build/navigation_py/navigation_py.egg-info/SOURCES.txt'
writing manifest file '../../build/navigation_py/navigation_py.egg-info/SOURCES.txt'
running build
running build_py
copying navigation_py/__init__.py -> /home/kenan/Code/VFS/vfs-software-training-1/build/navigation_py/build/lib/navigation_py
copying navigation_py/navigation.py -> /home/kenan/Code/VFS/vfs-software-training-1/build/navigation_py/build/lib/navigation_py
copying navigation_py/util.py -> /home/kenan/Code/VFS/vfs-software-training-1/build/navigation_py/build/lib/navigation_py
running install
running install_lib
copying /home/kenan/Code/VFS/vfs-software-training-1/build/navigation_py/build/lib/navigation_py/util.py -> /home/kenan/Code/VFS/vfs-software-training-1/install/navigation_py/lib/python3.10/site-packages/navigation_py
byte-compiling /home/kenan/Code/VFS/vfs-software-training-1/install/navigation_py/lib/python3.10/site-packages/navigation_py/util.py to util.cpython-310.pyc
running install_data
copying resource/navigation_py -> /home/kenan/Code/VFS/vfs-software-training-1/install/navigation_py/share/ament_index/resource_index/packages
copying package.xml -> /home/kenan/Code/VFS/vfs-software-training-1/install/navigation_py/share/navigation_py
running install_egg_info
removing '/home/kenan/Code/VFS/vfs-software-training-1/install/navigation_py/lib/python3.10/site-packages/navigation_py-0.0.0-py3.10.egg-info' (and everything under it)
Copying ../../build/navigation_py/navigation_py.egg-info to /home/kenan/Code/VFS/vfs-software-training-1/install/navigation_py/lib/python3.10/site-packages/navigation_py-0.0.0-py3.10.egg-info
running install_scripts
writing list of installed files to '/home/kenan/Code/VFS/vfs-software-training-1/build/navigation_py/install.log'
