[0.890s] Invoking command in '/home/kenan/Code/VFS/vfs-software-training-1/src/navigation_py': PYTHONPATH=/home/kenan/Code/VFS/vfs-software-training-1/build/navigation_py/prefix_override:/usr/lib/python3/dist-packages/colcon_core/task/python/colcon_distutils_commands:/home/kenan/Code/VFS/vfs-software-training-1/install/navigation_py/lib/python3.10/site-packages:${PYTHONPATH} /usr/bin/python3 -W ignore:setup.py install is deprecated -W ignore:easy_install command is deprecated setup.py egg_info --egg-base ../../build/navigation_py build --build-base /home/kenan/Code/VFS/vfs-software-training-1/build/navigation_py/build install --record /home/kenan/Code/VFS/vfs-software-training-1/build/navigation_py/install.log --single-version-externally-managed install_data
[1.255s] running egg_info
[1.278s] writing ../../build/navigation_py/navigation_py.egg-info/PKG-INFO
[1.279s] writing dependency_links to ../../build/navigation_py/navigation_py.egg-info/dependency_links.txt
[1.280s] writing requirements to ../../build/navigation_py/navigation_py.egg-info/requires.txt
[1.280s] writing top-level names to ../../build/navigation_py/navigation_py.egg-info/top_level.txt
[1.336s] reading manifest file '../../build/navigation_py/navigation_py.egg-info/SOURCES.txt'
[1.338s] writing manifest file '../../build/navigation_py/navigation_py.egg-info/SOURCES.txt'
[1.338s] running build
[1.339s] running build_py
[1.339s] copying navigation_py/__init__.py -> /home/kenan/Code/VFS/vfs-software-training-1/build/navigation_py/build/lib/navigation_py
[1.339s] copying navigation_py/navigation.py -> /home/kenan/Code/VFS/vfs-software-training-1/build/navigation_py/build/lib/navigation_py
[1.340s] copying navigation_py/util.py -> /home/kenan/Code/VFS/vfs-software-training-1/build/navigation_py/build/lib/navigation_py
[1.340s] running install
[1.346s] running install_lib
[1.370s] copying /home/kenan/Code/VFS/vfs-software-training-1/build/navigation_py/build/lib/navigation_py/util.py -> /home/kenan/Code/VFS/vfs-software-training-1/install/navigation_py/lib/python3.10/site-packages/navigation_py
[1.371s] byte-compiling /home/kenan/Code/VFS/vfs-software-training-1/install/navigation_py/lib/python3.10/site-packages/navigation_py/util.py to util.cpython-310.pyc
[1.371s] running install_data
[1.372s] copying resource/navigation_py -> /home/kenan/Code/VFS/vfs-software-training-1/install/navigation_py/share/ament_index/resource_index/packages
[1.372s] copying package.xml -> /home/kenan/Code/VFS/vfs-software-training-1/install/navigation_py/share/navigation_py
[1.372s] running install_egg_info
[1.397s] removing '/home/kenan/Code/VFS/vfs-software-training-1/install/navigation_py/lib/python3.10/site-packages/navigation_py-0.0.0-py3.10.egg-info' (and everything under it)
[1.398s] Copying ../../build/navigation_py/navigation_py.egg-info to /home/kenan/Code/VFS/vfs-software-training-1/install/navigation_py/lib/python3.10/site-packages/navigation_py-0.0.0-py3.10.egg-info
[1.399s] running install_scripts
[1.457s] writing list of installed files to '/home/kenan/Code/VFS/vfs-software-training-1/build/navigation_py/install.log'
[1.480s] Invoked command in '/home/kenan/Code/VFS/vfs-software-training-1/src/navigation_py' returned '0': PYTHONPATH=/home/kenan/Code/VFS/vfs-software-training-1/build/navigation_py/prefix_override:/usr/lib/python3/dist-packages/colcon_core/task/python/colcon_distutils_commands:/home/kenan/Code/VFS/vfs-software-training-1/install/navigation_py/lib/python3.10/site-packages:${PYTHONPATH} /usr/bin/python3 -W ignore:setup.py install is deprecated -W ignore:easy_install command is deprecated setup.py egg_info --egg-base ../../build/navigation_py build --build-base /home/kenan/Code/VFS/vfs-software-training-1/build/navigation_py/build install --record /home/kenan/Code/VFS/vfs-software-training-1/build/navigation_py/install.log --single-version-externally-managed install_data
