running egg_info
creating ../../build/navigation_py/navigation_py.egg-info
writing ../../build/navigation_py/navigation_py.egg-info/PKG-INFO
writing dependency_links to ../../build/navigation_py/navigation_py.egg-info/dependency_links.txt
writing requirements to ../../build/navigation_py/navigation_py.egg-info/requires.txt
writing top-level names to ../../build/navigation_py/navigation_py.egg-info/top_level.txt
writing manifest file '../../build/navigation_py/navigation_py.egg-info/SOURCES.txt'
reading manifest file '../../build/navigation_py/navigation_py.egg-info/SOURCES.txt'
writing manifest file '../../build/navigation_py/navigation_py.egg-info/SOURCES.txt'
running build
running build_py
creating /home/kenan/Code/VFS/vfs-software-training-1/build/navigation_py/build/lib/navigation_py
copying navigation_py/__init__.py -> /home/kenan/Code/VFS/vfs-software-training-1/build/navigation_py/build/lib/navigation_py
copying navigation_py/navigation.py -> /home/kenan/Code/VFS/vfs-software-training-1/build/navigation_py/build/lib/navigation_py
copying navigation_py/util.py -> /home/kenan/Code/VFS/vfs-software-training-1/build/navigation_py/build/lib/navigation_py
running install
running install_lib
creating /home/kenan/Code/VFS/vfs-software-training-1/install/navigation_py/lib/python3.10/site-packages/navigation_py
copying /home/kenan/Code/VFS/vfs-software-training-1/build/navigation_py/build/lib/navigation_py/__init__.py -> /home/kenan/Code/VFS/vfs-software-training-1/install/navigation_py/lib/python3.10/site-packages/navigation_py
copying /home/kenan/Code/VFS/vfs-software-training-1/build/navigation_py/build/lib/navigation_py/navigation.py -> /home/kenan/Code/VFS/vfs-software-training-1/install/navigation_py/lib/python3.10/site-packages/navigation_py
copying /home/kenan/Code/VFS/vfs-software-training-1/build/navigation_py/build/lib/navigation_py/util.py -> /home/kenan/Code/VFS/vfs-software-training-1/install/navigation_py/lib/python3.10/site-packages/navigation_py
byte-compiling /home/kenan/Code/VFS/vfs-software-training-1/install/navigation_py/lib/python3.10/site-packages/navigation_py/__init__.py to __init__.cpython-310.pyc
byte-compiling /home/kenan/Code/VFS/vfs-software-training-1/install/navigation_py/lib/python3.10/site-packages/navigation_py/navigation.py to navigation.cpython-310.pyc
byte-compiling /home/kenan/Code/VFS/vfs-software-training-1/install/navigation_py/lib/python3.10/site-packages/navigation_py/util.py to util.cpython-310.pyc
running install_data
creating /home/kenan/Code/VFS/vfs-software-training-1/install/navigation_py/share/ament_index/resource_index/packages
copying resource/navigation_py -> /home/kenan/Code/VFS/vfs-software-training-1/install/navigation_py/share/ament_index/resource_index/packages
copying package.xml -> /home/kenan/Code/VFS/vfs-software-training-1/install/navigation_py/share/navigation_py
running install_egg_info
Copying ../../build/navigation_py/navigation_py.egg-info to /home/kenan/Code/VFS/vfs-software-training-1/install/navigation_py/lib/python3.10/site-packages/navigation_py-0.0.0-py3.10.egg-info
running install_scripts
writing list of installed files to '/home/kenan/Code/VFS/vfs-software-training-1/build/navigation_py/install.log'
