[0.941s] Invoking command in '/home/kenan/Code/VFS/vfs-software-training-1/src/navigation_py': PYTHONPATH=/home/kenan/Code/VFS/vfs-software-training-1/build/navigation_py/prefix_override:/usr/lib/python3/dist-packages/colcon_core/task/python/colcon_distutils_commands:/home/kenan/Code/VFS/vfs-software-training-1/install/navigation_py/lib/python3.10/site-packages:${PYTHONPATH} /usr/bin/python3 -W ignore:setup.py install is deprecated -W ignore:easy_install command is deprecated setup.py egg_info --egg-base ../../build/navigation_py build --build-base /home/kenan/Code/VFS/vfs-software-training-1/build/navigation_py/build install --record /home/kenan/Code/VFS/vfs-software-training-1/build/navigation_py/install.log --single-version-externally-managed install_data
[1.349s] running egg_info
[1.386s] creating ../../build/navigation_py/navigation_py.egg-info
[1.387s] writing ../../build/navigation_py/navigation_py.egg-info/PKG-INFO
[1.388s] writing dependency_links to ../../build/navigation_py/navigation_py.egg-info/dependency_links.txt
[1.388s] writing requirements to ../../build/navigation_py/navigation_py.egg-info/requires.txt
[1.389s] writing top-level names to ../../build/navigation_py/navigation_py.egg-info/top_level.txt
[1.389s] writing manifest file '../../build/navigation_py/navigation_py.egg-info/SOURCES.txt'
[1.459s] reading manifest file '../../build/navigation_py/navigation_py.egg-info/SOURCES.txt'
[1.460s] writing manifest file '../../build/navigation_py/navigation_py.egg-info/SOURCES.txt'
[1.461s] running build
[1.461s] running build_py
[1.461s] creating /home/kenan/Code/VFS/vfs-software-training-1/build/navigation_py/build/lib/navigation_py
[1.461s] copying navigation_py/__init__.py -> /home/kenan/Code/VFS/vfs-software-training-1/build/navigation_py/build/lib/navigation_py
[1.462s] copying navigation_py/navigation.py -> /home/kenan/Code/VFS/vfs-software-training-1/build/navigation_py/build/lib/navigation_py
[1.462s] copying navigation_py/util.py -> /home/kenan/Code/VFS/vfs-software-training-1/build/navigation_py/build/lib/navigation_py
[1.462s] running install
[1.469s] running install_lib
[1.501s] creating /home/kenan/Code/VFS/vfs-software-training-1/install/navigation_py/lib/python3.10/site-packages/navigation_py
[1.501s] copying /home/kenan/Code/VFS/vfs-software-training-1/build/navigation_py/build/lib/navigation_py/__init__.py -> /home/kenan/Code/VFS/vfs-software-training-1/install/navigation_py/lib/python3.10/site-packages/navigation_py
[1.502s] copying /home/kenan/Code/VFS/vfs-software-training-1/build/navigation_py/build/lib/navigation_py/navigation.py -> /home/kenan/Code/VFS/vfs-software-training-1/install/navigation_py/lib/python3.10/site-packages/navigation_py
[1.502s] copying /home/kenan/Code/VFS/vfs-software-training-1/build/navigation_py/build/lib/navigation_py/util.py -> /home/kenan/Code/VFS/vfs-software-training-1/install/navigation_py/lib/python3.10/site-packages/navigation_py
[1.502s] byte-compiling /home/kenan/Code/VFS/vfs-software-training-1/install/navigation_py/lib/python3.10/site-packages/navigation_py/__init__.py to __init__.cpython-310.pyc
[1.503s] byte-compiling /home/kenan/Code/VFS/vfs-software-training-1/install/navigation_py/lib/python3.10/site-packages/navigation_py/navigation.py to navigation.cpython-310.pyc
[1.505s] byte-compiling /home/kenan/Code/VFS/vfs-software-training-1/install/navigation_py/lib/python3.10/site-packages/navigation_py/util.py to util.cpython-310.pyc
[1.506s] Sorry: IndentationError: expected an indented block after function definition on line 42 (util.py, line 49)
[1.506s] running install_data
[1.506s] creating /home/kenan/Code/VFS/vfs-software-training-1/install/navigation_py/share/ament_index/resource_index/packages
[1.506s] copying resource/navigation_py -> /home/kenan/Code/VFS/vfs-software-training-1/install/navigation_py/share/ament_index/resource_index/packages
[1.507s] copying package.xml -> /home/kenan/Code/VFS/vfs-software-training-1/install/navigation_py/share/navigation_py
[1.507s] running install_egg_info
[1.540s] Copying ../../build/navigation_py/navigation_py.egg-info to /home/kenan/Code/VFS/vfs-software-training-1/install/navigation_py/lib/python3.10/site-packages/navigation_py-0.0.0-py3.10.egg-info
[1.542s] running install_scripts
[1.609s] writing list of installed files to '/home/kenan/Code/VFS/vfs-software-training-1/build/navigation_py/install.log'
[1.641s] Invoked command in '/home/kenan/Code/VFS/vfs-software-training-1/src/navigation_py' returned '0': PYTHONPATH=/home/kenan/Code/VFS/vfs-software-training-1/build/navigation_py/prefix_override:/usr/lib/python3/dist-packages/colcon_core/task/python/colcon_distutils_commands:/home/kenan/Code/VFS/vfs-software-training-1/install/navigation_py/lib/python3.10/site-packages:${PYTHONPATH} /usr/bin/python3 -W ignore:setup.py install is deprecated -W ignore:easy_install command is deprecated setup.py egg_info --egg-base ../../build/navigation_py build --build-base /home/kenan/Code/VFS/vfs-software-training-1/build/navigation_py/build install --record /home/kenan/Code/VFS/vfs-software-training-1/build/navigation_py/install.log --single-version-externally-managed install_data
