[0.021s] Invoking command in '/home/kenan/Code/VFS/vfs-software-training-1/build/navigation': CMAKE_PREFIX_PATH=/opt/ros/humble /usr/bin/cmake /home/kenan/Code/VFS/vfs-software-training-1/src/navigation -DCMAKE_INSTALL_PREFIX=/home/kenan/Code/VFS/vfs-software-training-1/install/navigation
[0.139s] -- The C compiler identification is GNU 11.4.0
[0.235s] -- The CXX compiler identification is GNU 11.4.0
[0.247s] -- Detecting C compiler ABI info
[0.339s] -- Detecting C compiler ABI info - done
[0.347s] -- Check for working C compiler: /usr/bin/cc - skipped
[0.348s] -- Detecting C compile features
[0.349s] -- Detecting C compile features - done
[0.353s] -- Detecting CXX compiler ABI info
[0.459s] -- Detecting CXX compiler ABI info - done
[0.471s] -- Check for working CXX compiler: /usr/bin/c++ - skipped
[0.472s] -- Detecting CXX compile features
[0.472s] -- Detecting CXX compile features - done
[0.479s] -- Found ament_cmake: 1.3.12 (/opt/ros/humble/share/ament_cmake/cmake)
[0.970s] -- Found Python3: /usr/bin/python3 (found version "3.10.12") found components: Interpreter 
[1.093s] -- Found ament_lint_auto: 0.12.14 (/opt/ros/humble/share/ament_lint_auto/cmake)
[1.198s] -- Added test 'cppcheck' to perform static code analysis on C / C++ code
[1.198s] -- Configured cppcheck include dirs: 
[1.198s] -- Configured cppcheck exclude dirs and/or files: 
[1.199s] -- Added test 'flake8' to check Python code syntax and style conventions
[1.200s] -- Added test 'lint_cmake' to check CMake code style
[1.201s] -- Added test 'pep257' to check Python code against some of the docstring style conventions in PEP 257
[1.203s] -- Added test 'uncrustify' to check C / C++ code style
[1.203s] -- Configured uncrustify additional arguments: 
[1.204s] -- Added test 'xmllint' to check XML markup files
[1.206s] -- Configuring done
[1.212s] -- Generating done
[1.215s] -- Build files have been written to: /home/kenan/Code/VFS/vfs-software-training-1/build/navigation
[1.222s] Invoked command in '/home/kenan/Code/VFS/vfs-software-training-1/build/navigation' returned '0': CMAKE_PREFIX_PATH=/opt/ros/humble /usr/bin/cmake /home/kenan/Code/VFS/vfs-software-training-1/src/navigation -DCMAKE_INSTALL_PREFIX=/home/kenan/Code/VFS/vfs-software-training-1/install/navigation
[1.224s] Invoking command in '/home/kenan/Code/VFS/vfs-software-training-1/build/navigation': CMAKE_PREFIX_PATH=/opt/ros/humble /usr/bin/cmake --build /home/kenan/Code/VFS/vfs-software-training-1/build/navigation -- -j8 -l8
[1.276s] Invoked command in '/home/kenan/Code/VFS/vfs-software-training-1/build/navigation' returned '0': CMAKE_PREFIX_PATH=/opt/ros/humble /usr/bin/cmake --build /home/kenan/Code/VFS/vfs-software-training-1/build/navigation -- -j8 -l8
[1.288s] Invoking command in '/home/kenan/Code/VFS/vfs-software-training-1/build/navigation': CMAKE_PREFIX_PATH=/opt/ros/humble /usr/bin/cmake --install /home/kenan/Code/VFS/vfs-software-training-1/build/navigation
[1.297s] -- Install configuration: ""
[1.297s] -- Installing: /home/kenan/Code/VFS/vfs-software-training-1/install/navigation/share/ament_index/resource_index/package_run_dependencies/navigation
[1.297s] -- Installing: /home/kenan/Code/VFS/vfs-software-training-1/install/navigation/share/ament_index/resource_index/parent_prefix_path/navigation
[1.298s] -- Installing: /home/kenan/Code/VFS/vfs-software-training-1/install/navigation/share/navigation/environment/ament_prefix_path.sh
[1.298s] -- Installing: /home/kenan/Code/VFS/vfs-software-training-1/install/navigation/share/navigation/environment/ament_prefix_path.dsv
[1.298s] -- Installing: /home/kenan/Code/VFS/vfs-software-training-1/install/navigation/share/navigation/environment/path.sh
[1.298s] -- Installing: /home/kenan/Code/VFS/vfs-software-training-1/install/navigation/share/navigation/environment/path.dsv
[1.298s] -- Installing: /home/kenan/Code/VFS/vfs-software-training-1/install/navigation/share/navigation/local_setup.bash
[1.299s] -- Installing: /home/kenan/Code/VFS/vfs-software-training-1/install/navigation/share/navigation/local_setup.sh
[1.299s] -- Installing: /home/kenan/Code/VFS/vfs-software-training-1/install/navigation/share/navigation/local_setup.zsh
[1.299s] -- Installing: /home/kenan/Code/VFS/vfs-software-training-1/install/navigation/share/navigation/local_setup.dsv
[1.299s] -- Installing: /home/kenan/Code/VFS/vfs-software-training-1/install/navigation/share/navigation/package.dsv
[1.300s] -- Installing: /home/kenan/Code/VFS/vfs-software-training-1/install/navigation/share/ament_index/resource_index/packages/navigation
[1.300s] -- Installing: /home/kenan/Code/VFS/vfs-software-training-1/install/navigation/share/navigation/cmake/navigationConfig.cmake
[1.300s] -- Installing: /home/kenan/Code/VFS/vfs-software-training-1/install/navigation/share/navigation/cmake/navigationConfig-version.cmake
[1.300s] -- Installing: /home/kenan/Code/VFS/vfs-software-training-1/install/navigation/share/navigation/package.xml
[1.303s] Invoked command in '/home/kenan/Code/VFS/vfs-software-training-1/build/navigation' returned '0': CMAKE_PREFIX_PATH=/opt/ros/humble /usr/bin/cmake --install /home/kenan/Code/VFS/vfs-software-training-1/build/navigation
