[0.021s] Invoking command in '/home/kenan/Code/VFS/vfs-software-training-1/build/navigation': CMAKE_PREFIX_PATH=/opt/ros/humble /usr/bin/cmake --build /home/kenan/Code/VFS/vfs-software-training-1/build/navigation -- -j8 -l8
[0.303s] Invoked command in '/home/kenan/Code/VFS/vfs-software-training-1/build/navigation' returned '0': CMAKE_PREFIX_PATH=/opt/ros/humble /usr/bin/cmake --build /home/kenan/Code/VFS/vfs-software-training-1/build/navigation -- -j8 -l8
[0.318s] Invoking command in '/home/kenan/Code/VFS/vfs-software-training-1/build/navigation': CMAKE_PREFIX_PATH=/opt/ros/humble /usr/bin/cmake --install /home/kenan/Code/VFS/vfs-software-training-1/build/navigation
[0.330s] -- Install configuration: ""
[0.330s] -- Up-to-date: /home/kenan/Code/VFS/vfs-software-training-1/install/navigation/share/ament_index/resource_index/package_run_dependencies/navigation
[0.331s] -- Up-to-date: /home/kenan/Code/VFS/vfs-software-training-1/install/navigation/share/ament_index/resource_index/parent_prefix_path/navigation
[0.331s] -- Up-to-date: /home/kenan/Code/VFS/vfs-software-training-1/install/navigation/share/navigation/environment/ament_prefix_path.sh
[0.331s] -- Up-to-date: /home/kenan/Code/VFS/vfs-software-training-1/install/navigation/share/navigation/environment/ament_prefix_path.dsv
[0.331s] -- Up-to-date: /home/kenan/Code/VFS/vfs-software-training-1/install/navigation/share/navigation/environment/path.sh
[0.331s] -- Up-to-date: /home/kenan/Code/VFS/vfs-software-training-1/install/navigation/share/navigation/environment/path.dsv
[0.331s] -- Up-to-date: /home/kenan/Code/VFS/vfs-software-training-1/install/navigation/share/navigation/local_setup.bash
[0.331s] -- Up-to-date: /home/kenan/Code/VFS/vfs-software-training-1/install/navigation/share/navigation/local_setup.sh
[0.331s] -- Up-to-date: /home/kenan/Code/VFS/vfs-software-training-1/install/navigation/share/navigation/local_setup.zsh
[0.331s] -- Up-to-date: /home/kenan/Code/VFS/vfs-software-training-1/install/navigation/share/navigation/local_setup.dsv
[0.331s] -- Up-to-date: /home/kenan/Code/VFS/vfs-software-training-1/install/navigation/share/navigation/package.dsv
[0.331s] -- Up-to-date: /home/kenan/Code/VFS/vfs-software-training-1/install/navigation/share/ament_index/resource_index/packages/navigation
[0.332s] -- Up-to-date: /home/kenan/Code/VFS/vfs-software-training-1/install/navigation/share/navigation/cmake/navigationConfig.cmake
[0.332s] -- Up-to-date: /home/kenan/Code/VFS/vfs-software-training-1/install/navigation/share/navigation/cmake/navigationConfig-version.cmake
[0.332s] -- Up-to-date: /home/kenan/Code/VFS/vfs-software-training-1/install/navigation/share/navigation/package.xml
[0.334s] Invoked command in '/home/kenan/Code/VFS/vfs-software-training-1/build/navigation' returned '0': CMAKE_PREFIX_PATH=/opt/ros/humble /usr/bin/cmake --install /home/kenan/Code/VFS/vfs-software-training-1/build/navigation
